Flow report for top_HMC
Wed Jun 17 21:59:50 2015
Quartus II 64-Bit Version 15.0.0 Build 145 04/22/2015 SJ Web Edition


---------------------
; Table of Contents ;
---------------------
  1. Legal Notice
  2. Flow Summary
  3. Flow Settings
  4. Flow Non-Default Global Settings
  5. Flow Elapsed Time
  6. Flow OS Summary
  7. Flow Log
  8. Flow Messages
  9. Flow Suppressed Messages



----------------
; Legal Notice ;
----------------
Copyright (C) 1991-2015 Altera Corporation. All rights reserved.
Your use of Altera Corporation's design tools, logic functions 
and other software and tools, and its AMPP partner logic 
functions, and any output files from any of the foregoing 
(including device programming or simulation files), and any 
associated documentation or information are expressly subject 
to the terms and conditions of the Altera Program License 
Subscription Agreement, the Altera Quartus II License Agreement,
the Altera MegaCore Function License Agreement, or other 
applicable license agreement, including, without limitation, 
that your use is for the sole purpose of programming logic 
devices manufactured by Altera and sold by Altera or its 
authorized distributors.  Please refer to the applicable 
agreement for further details.



+------------------------------------------------------------------------------+
; Flow Summary                                                                 ;
+---------------------------------+--------------------------------------------+
; Flow Status                     ; Successful - Wed Jun 17 21:59:50 2015      ;
; Quartus II 64-Bit Version       ; 15.0.0 Build 145 04/22/2015 SJ Web Edition ;
; Revision Name                   ; top_HMC                                    ;
; Top-level Entity Name           ; LinearPrediction                           ;
; Family                          ; Cyclone V                                  ;
; Device                          ; 5CEFA2F23C8                                ;
; Timing Models                   ; Final                                      ;
; Logic utilization (in ALMs)     ; 2,040 / 9,430 ( 22 % )                     ;
; Total registers                 ; 2900                                       ;
; Total pins                      ; 52 / 224 ( 23 % )                          ;
; Total virtual pins              ; 0                                          ;
; Total block memory bits         ; 191,488 / 1,802,240 ( 11 % )               ;
; Total DSP Blocks                ; 0 / 25 ( 0 % )                             ;
; Total HSSI RX PCSs              ; 0                                          ;
; Total HSSI PMA RX Deserializers ; 0                                          ;
; Total HSSI TX PCSs              ; 0                                          ;
; Total HSSI PMA TX Serializers   ; 0                                          ;
; Total PLLs                      ; 1 / 4 ( 25 % )                             ;
; Total DLLs                      ; 1 / 4 ( 25 % )                             ;
+---------------------------------+--------------------------------------------+


+-----------------------------------------+
; Flow Settings                           ;
+-------------------+---------------------+
; Option            ; Setting             ;
+-------------------+---------------------+
; Start date & time ; 06/17/2015 21:52:28 ;
; Main task         ; Compilation         ;
; Revision Name     ; top_HMC             ;
+-------------------+---------------------+


+--------------------------------------------------------------------------------------------------------------------------------------------------------+
; Flow Non-Default Global Settings                                                                                                                       ;
+---------------------------------------+------------------------------------------------------------+---------------+------------------+----------------+
; Assignment Name                       ; Value                                                      ; Default Value ; Entity Name      ; Section Id     ;
+---------------------------------------+------------------------------------------------------------+---------------+------------------+----------------+
; COMPILER_SIGNATURE_ID                 ; 165027876618.143460314407150                               ; --            ; --               ; --             ;
; ECO_REGENERATE_REPORT                 ; On                                                         ; Off           ; --               ; --             ;
; EDA_OUTPUT_DATA_FORMAT                ; Verilog Hdl                                                ; --            ; --               ; eda_simulation ;
; EDA_SIMULATION_TOOL                   ; ModelSim-Altera (Verilog)                                  ; <None>        ; --               ; --             ;
; MAX_CORE_JUNCTION_TEMP                ; 85                                                         ; --            ; --               ; --             ;
; MIN_CORE_JUNCTION_TEMP                ; 0                                                          ; --            ; --               ; --             ;
; MISC_FILE                             ; LPC_qsys/synthesis/../LPC_qsys.cmp                         ; --            ; --               ; --             ;
; MISC_FILE                             ; LPC_qsys/synthesis/../../LPC_qsys.qsys                     ; --            ; --               ; --             ;
; PARTITION_COLOR                       ; 16764057                                                   ; --            ; LinearPrediction ; Top            ;
; PARTITION_FITTER_PRESERVATION_LEVEL   ; PLACEMENT_AND_ROUTING                                      ; --            ; LinearPrediction ; Top            ;
; PARTITION_NETLIST_TYPE                ; SOURCE                                                     ; --            ; LinearPrediction ; Top            ;
; POWER_BOARD_THERMAL_MODEL             ; None (CONSERVATIVE)                                        ; --            ; --               ; --             ;
; POWER_PRESET_COOLING_SOLUTION         ; 23 MM HEAT SINK WITH 200 LFPM AIRFLOW                      ; --            ; --               ; --             ;
; PROJECT_OUTPUT_DIRECTORY              ; output_files                                               ; --            ; --               ; --             ;
; SLD_FILE                              ; LPC_qsys/synthesis/LPC_qsys.debuginfo                      ; --            ; --               ; --             ;
; SLD_INFO                              ; QSYS_NAME LPC_qsys HAS_SOPCINFO 1 GENERATION_ID 1434602911 ; --            ; LPC_qsys         ; --             ;
; SOPCINFO_FILE                         ; LPC_qsys/synthesis/../../LPC_qsys.sopcinfo                 ; --            ; --               ; --             ;
; SYNTHESIS_ONLY_QIP                    ; On                                                         ; --            ; --               ; --             ;
; TOP_LEVEL_ENTITY                      ; LinearPrediction                                           ; top_HMC       ; --               ; --             ;
; USE_DLL_FREQUENCY_FOR_DQS_DELAY_CHAIN ; On                                                         ; Off           ; --               ; --             ;
+---------------------------------------+------------------------------------------------------------+---------------+------------------+----------------+


+-------------------------------------------------------------------------------------------------------------------------------+
; Flow Elapsed Time                                                                                                             ;
+---------------------------+--------------+-------------------------+---------------------+------------------------------------+
; Module Name               ; Elapsed Time ; Average Processors Used ; Peak Virtual Memory ; Total CPU Time (on all processors) ;
+---------------------------+--------------+-------------------------+---------------------+------------------------------------+
; Analysis & Synthesis      ; 00:01:27     ; 1.0                     ; 1383 MB             ; 00:02:29                           ;
; Fitter                    ; 00:03:32     ; 1.0                     ; 3319 MB             ; 00:03:56                           ;
; Assembler                 ; 00:00:13     ; 1.0                     ; 1009 MB             ; 00:00:13                           ;
; TimeQuest Timing Analyzer ; 00:01:43     ; 1.0                     ; 2384 MB             ; 00:01:43                           ;
; EDA Netlist Writer        ; 00:00:07     ; 1.0                     ; 1326 MB             ; 00:00:08                           ;
; Total                     ; 00:07:02     ; --                      ; --                  ; 00:08:29                           ;
+---------------------------+--------------+-------------------------+---------------------+------------------------------------+


+---------------------------------------------------------------------------------------------+
; Flow OS Summary                                                                             ;
+---------------------------+------------------+----------------+------------+----------------+
; Module Name               ; Machine Hostname ; OS Name        ; OS Version ; Processor type ;
+---------------------------+------------------+----------------+------------+----------------+
; Analysis & Synthesis      ; Eric-Ubuntu      ; Ubuntu 14.04.2 ; 14         ; x86_64         ;
; Fitter                    ; Eric-Ubuntu      ; Ubuntu 14.04.2 ; 14         ; x86_64         ;
; Assembler                 ; Eric-Ubuntu      ; Ubuntu 14.04.2 ; 14         ; x86_64         ;
; TimeQuest Timing Analyzer ; Eric-Ubuntu      ; Ubuntu 14.04.2 ; 14         ; x86_64         ;
; EDA Netlist Writer        ; Eric-Ubuntu      ; Ubuntu 14.04.2 ; 14         ; x86_64         ;
+---------------------------+------------------+----------------+------------+----------------+


------------
; Flow Log ;
------------
quartus_map --read_settings_files=on --write_settings_files=off top_LPC_FPGA -c top_HMC
quartus_fit --read_settings_files=off --write_settings_files=off top_LPC_FPGA -c top_HMC
quartus_asm --read_settings_files=off --write_settings_files=off top_LPC_FPGA -c top_HMC
quartus_sta top_LPC_FPGA -c top_HMC
quartus_eda --read_settings_files=off --write_settings_files=off top_LPC_FPGA -c top_HMC



